[2021/11/09 11:24:07] Host: Linux server1.go1gospel.com 3.10.0-1127.19.1.el7.x86_64 #1 SMP Tue Aug 25 17:23:54 UTC 2020 x86_64
[2021/11/09 11:24:07] PHP version: 7.4.25
[2021/11/09 11:24:07] Server software: Apache
[2021/11/09 11:24:07] Operating system: Linux
[2021/11/09 11:24:07] Memory limit: -1
[2021/11/09 11:24:07] Max execution time: 3600
[2021/11/09 11:24:32] Host: Linux server1.go1gospel.com 3.10.0-1127.19.1.el7.x86_64 #1 SMP Tue Aug 25 17:23:54 UTC 2020 x86_64
[2021/11/09 11:24:32] PHP version: 7.4.25
[2021/11/09 11:24:32] Server software: Apache
[2021/11/09 11:24:32] Operating system: Linux
[2021/11/09 11:24:32] Memory limit: -1
[2021/11/09 11:24:32] Max execution time: 3600
[2021/11/09 11:53:32] Host: Linux server1.go1gospel.com 3.10.0-1127.19.1.el7.x86_64 #1 SMP Tue Aug 25 17:23:54 UTC 2020 x86_64
[2021/11/09 11:53:32] PHP version: 7.4.25
[2021/11/09 11:53:32] Server software: Apache
[2021/11/09 11:53:32] Operating system: Linux
[2021/11/09 11:53:32] Memory limit: -1
[2021/11/09 11:53:32] Max execution time: 3600
[2021/11/10 01:14:18] Host: Linux server1.go1gospel.com 3.10.0-1127.19.1.el7.x86_64 #1 SMP Tue Aug 25 17:23:54 UTC 2020 x86_64
[2021/11/10 01:14:18] PHP version: 7.4.25
[2021/11/10 01:14:18] Server software: Apache
[2021/11/10 01:14:18] Operating system: Linux
[2021/11/10 01:14:18] Memory limit: -1
[2021/11/10 01:14:18] Max execution time: 3600
[2021/11/10 01:14:50] Host: Linux server1.go1gospel.com 3.10.0-1127.19.1.el7.x86_64 #1 SMP Tue Aug 25 17:23:54 UTC 2020 x86_64
[2021/11/10 01:14:50] PHP version: 7.4.25
[2021/11/10 01:14:50] Server software: Apache
[2021/11/10 01:14:50] Operating system: Linux
[2021/11/10 01:14:50] Memory limit: -1
[2021/11/10 01:14:50] Max execution time: 3600
[2021/11/10 01:56:10] Host: Linux server1.go1gospel.com 3.10.0-1127.19.1.el7.x86_64 #1 SMP Tue Aug 25 17:23:54 UTC 2020 x86_64
[2021/11/10 01:56:10] PHP version: 7.4.25
[2021/11/10 01:56:10] Server software: Apache
[2021/11/10 01:56:10] Operating system: Linux
[2021/11/10 01:56:10] Memory limit: -1
[2021/11/10 01:56:10] Max execution time: 3600
[2021/11/10 02:52:04] Host: Linux server1.go1gospel.com 3.10.0-1127.19.1.el7.x86_64 #1 SMP Tue Aug 25 17:23:54 UTC 2020 x86_64
[2021/11/10 02:52:04] PHP version: 7.4.25
[2021/11/10 02:52:04] Server software: Apache
[2021/11/10 02:52:04] Operating system: Linux
[2021/11/10 02:52:04] Memory limit: -1
[2021/11/10 02:52:04] Max execution time: 3600
[2021/11/10 04:50:11] Host: Linux server1.go1gospel.com 3.10.0-1127.19.1.el7.x86_64 #1 SMP Tue Aug 25 17:23:54 UTC 2020 x86_64
[2021/11/10 04:50:11] PHP version: 7.4.25
[2021/11/10 04:50:11] Server software: Apache
[2021/11/10 04:50:11] Operating system: Linux
[2021/11/10 04:50:11] Memory limit: -1
[2021/11/10 04:50:11] Max execution time: 3600
[2021/11/10 04:50:49] Host: Linux server1.go1gospel.com 3.10.0-1127.19.1.el7.x86_64 #1 SMP Tue Aug 25 17:23:54 UTC 2020 x86_64
[2021/11/10 04:50:49] PHP version: 7.4.25
[2021/11/10 04:50:49] Server software: Apache
[2021/11/10 04:50:49] Operating system: Linux
[2021/11/10 04:50:49] Memory limit: -1
[2021/11/10 04:50:49] Max execution time: 3600
[2021/11/10 06:13:21] Host: Linux server1.go1gospel.com 3.10.0-1127.19.1.el7.x86_64 #1 SMP Tue Aug 25 17:23:54 UTC 2020 x86_64
[2021/11/10 06:13:21] PHP version: 7.4.25
[2021/11/10 06:13:21] Server software: Apache
[2021/11/10 06:13:21] Operating system: Linux
[2021/11/10 06:13:21] Memory limit: -1
[2021/11/10 06:13:21] Max execution time: 3600
[2021/11/10 06:40:20] Host: Linux server1.go1gospel.com 3.10.0-1127.19.1.el7.x86_64 #1 SMP Tue Aug 25 17:23:54 UTC 2020 x86_64
[2021/11/10 06:40:20] PHP version: 7.4.25
[2021/11/10 06:40:20] Server software: Apache
[2021/11/10 06:40:20] Operating system: Linux
[2021/11/10 06:40:20] Memory limit: -1
[2021/11/10 06:40:20] Max execution time: 3600
[2021/11/10 07:06:46] Host: Linux server1.go1gospel.com 3.10.0-1127.19.1.el7.x86_64 #1 SMP Tue Aug 25 17:23:54 UTC 2020 x86_64
[2021/11/10 07:06:46] PHP version: 7.4.25
[2021/11/10 07:06:46] Server software: Apache
[2021/11/10 07:06:46] Operating system: Linux
[2021/11/10 07:06:46] Memory limit: -1
[2021/11/10 07:06:46] Max execution time: 3600
[2021/11/10 07:29:44] Host: Linux server1.go1gospel.com 3.10.0-1127.19.1.el7.x86_64 #1 SMP Tue Aug 25 17:23:54 UTC 2020 x86_64
[2021/11/10 07:29:44] PHP version: 7.4.25
[2021/11/10 07:29:44] Server software: Apache
[2021/11/10 07:29:44] Operating system: Linux
[2021/11/10 07:29:44] Memory limit: -1
[2021/11/10 07:29:44] Max execution time: 3600
[2021/11/10 07:55:51] Host: Linux server1.go1gospel.com 3.10.0-1127.19.1.el7.x86_64 #1 SMP Tue Aug 25 17:23:54 UTC 2020 x86_64
[2021/11/10 07:55:51] PHP version: 7.4.25
[2021/11/10 07:55:51] Server software: Apache
[2021/11/10 07:55:51] Operating system: Linux
[2021/11/10 07:55:51] Memory limit: -1
[2021/11/10 07:55:51] Max execution time: 3600
[2021/11/10 09:49:20] Host: Linux server1.go1gospel.com 3.10.0-1127.19.1.el7.x86_64 #1 SMP Tue Aug 25 17:23:54 UTC 2020 x86_64
[2021/11/10 09:49:20] PHP version: 7.4.25
[2021/11/10 09:49:20] Server software: Apache
[2021/11/10 09:49:20] Operating system: Linux
[2021/11/10 09:49:20] Memory limit: -1
[2021/11/10 09:49:20] Max execution time: 3600
.============================ POST REQUEST ==========================.
[2021/11/10 09:49:40] Postback payload: Array
(
    [handler] => onCheckRequirements
)

[2021/11/10 09:49:40] Check requirements: start
[2021/11/10 09:49:40] Check requirements: end
[2021/11/10 09:49:40] Execute handler (onCheckRequirements): Array
(
    [PHP Version] => Array
        (
            [result] => 1
            [errorMessage] => You need at least 7.2.5 PHP Version to install.
        )

    [PDO] => Array
        (
            [result] => 1
            [errorMessage] => PHP PDO extension is required.
        )

    [XML] => Array
        (
            [result] => 1
            [errorMessage] => PHP XML extension is required.
        )

    [Mbstring] => Array
        (
            [result] => 1
            [errorMessage] => PHP mbstring extension is required.
        )

    [Fileinfo] => Array
        (
            [result] => 1
            [errorMessage] => PHP fileinfo extension is required.
        )

    [OpenSSL] => Array
        (
            [result] => 1
            [errorMessage] => PHP openssl extension is required.
        )

    [GD] => Array
        (
            [result] => 1
            [errorMessage] => PHP GD extension is required.
        )

    [fpassthru] => Array
        (
            [result] => 1
            [errorMessage] => "fpassthru" PHP function needs to be enabled.
        )

    [Curl] => Array
        (
            [result] => 1
            [errorMessage] => PHP curl functionality needs to be enabled.
        )

    [Zip] => Array
        (
            [result] => 1
            [errorMessage] => PHP ZipArchive extension needs to be installed.
        )

)

[2021/11/10 11:43:08] Host: Linux server1.go1gospel.com 3.10.0-1127.19.1.el7.x86_64 #1 SMP Tue Aug 25 17:23:54 UTC 2020 x86_64
[2021/11/10 11:43:08] PHP version: 7.4.25
[2021/11/10 11:43:08] Server software: Apache
[2021/11/10 11:43:08] Operating system: Linux
[2021/11/10 11:43:08] Memory limit: -1
[2021/11/10 11:43:08] Max execution time: 3600
[2021/11/10 01:22:48] Host: Linux server1.go1gospel.com 3.10.0-1127.19.1.el7.x86_64 #1 SMP Tue Aug 25 17:23:54 UTC 2020 x86_64
[2021/11/10 01:22:48] PHP version: 7.4.25
[2021/11/10 01:22:48] Server software: Apache
[2021/11/10 01:22:48] Operating system: Linux
[2021/11/10 01:22:48] Memory limit: -1
[2021/11/10 01:22:48] Max execution time: 3600
